{"C:\\Users\\ColeChamberlain\\noderaider\\koaproxy\\lib\\es-http-proxy\\common.js":{"path":"C:\\Users\\ColeChamberlain\\noderaider\\koaproxy\\lib\\es-http-proxy\\common.js","s":{"1":1,"2":1,"3":50,"4":50,"5":50,"6":50,"7":46,"8":50,"9":1,"10":1,"11":1,"12":1,"13":1},"b":{"1":[2,2],"2":[4,4],"3":[50,12],"4":[50,48],"5":[5,7],"6":[12,11],"7":[500,480],"8":[5,45],"9":[1,49],"10":[10,40],"11":[50,48],"12":[7,3],"13":[50,46],"14":[46,4],"15":[46,0],"16":[35,11],"17":[46,31],"18":[50,48],"19":[48,2],"20":[50,50],"21":[48,28],"22":[47,3],"23":[47,1],"24":[48,2],"25":[2,48],"26":[1,1],"27":[2,2],"28":[2,2],"29":[3,0],"30":[3,0],"31":[0,0],"32":[3,3]},"f":{"1":4,"2":50,"3":500,"4":17,"5":3,"6":3,"7":50,"8":2},"fnMap":{"1":{"name":"_interopRequireDefault","line":30,"loc":{"start":{"line":30,"column":0},"end":{"line":30,"column":37}}},"2":{"name":"setupOutgoing","line":59,"loc":{"start":{"line":59,"column":0},"end":{"line":59,"column":56}}},"3":{"name":"mapOutgoing","line":63,"loc":{"start":{"line":63,"column":24},"end":{"line":63,"column":48}}},"4":{"name":"setupSocket","line":127,"loc":{"start":{"line":127,"column":0},"end":{"line":127,"column":29}}},"5":{"name":"getPort","line":145,"loc":{"start":{"line":145,"column":0},"end":{"line":145,"column":22}}},"6":{"name":"hasEncryptedConnection","line":160,"loc":{"start":{"line":160,"column":0},"end":{"line":160,"column":37}}},"7":{"name":"urlJoin","line":172,"loc":{"start":{"line":172,"column":0},"end":{"line":172,"column":19}}},"8":{"name":"hasPort","line":206,"loc":{"start":{"line":206,"column":0},"end":{"line":206,"column":23}}}},"statementMap":{"1":{"start":{"line":30,"column":0},"end":{"line":30,"column":95}},"2":{"start":{"line":59,"column":0},"end":{"line":108,"column":1}},"3":{"start":{"line":70,"column":2},"end":{"line":70,"column":23}},"4":{"start":{"line":71,"column":2},"end":{"line":71,"column":20}},"5":{"start":{"line":72,"column":2},"end":{"line":72,"column":57}},"6":{"start":{"line":81,"column":2},"end":{"line":84,"column":3}},"7":{"start":{"line":83,"column":4},"end":{"line":83,"column":109}},"8":{"start":{"line":104,"column":2},"end":{"line":106,"column":3}},"9":{"start":{"line":127,"column":0},"end":{"line":134,"column":1}},"10":{"start":{"line":145,"column":0},"end":{"line":149,"column":1}},"11":{"start":{"line":160,"column":0},"end":{"line":162,"column":1}},"12":{"start":{"line":172,"column":0},"end":{"line":197,"column":1}},"13":{"start":{"line":206,"column":0},"end":{"line":208,"column":1}}},"branchMap":{"1":{"line":30,"type":"cond-expr","locations":[{"start":{"line":30,"column":70},"end":{"line":30,"column":46}},{"start":{"line":30,"column":76},"end":{"line":30,"column":39}}]},"2":{"line":30,"type":"binary-expr","locations":[{"start":{"line":30,"column":46},"end":{"line":30,"column":52}},{"start":{"line":30,"column":53},"end":{"line":30,"column":46}}]},"3":{"line":60,"type":"binary-expr","locations":[{"start":{"line":60,"column":18},"end":{"line":60,"column":17}},{"start":{"line":60,"column":56},"end":{"line":60,"column":18}}]},"4":{"line":60,"type":"binary-expr","locations":[{"start":{"line":60,"column":26},"end":{"line":60,"column":36}},{"start":{"line":60,"column":37},"end":{"line":60,"column":18}}]},"5":{"line":60,"type":"cond-expr","locations":[{"start":{"line":60,"column":108},"end":{"line":60,"column":56}},{"start":{"line":60,"column":114},"end":{"line":60,"column":18}}]},"6":{"line":60,"type":"binary-expr","locations":[{"start":{"line":60,"column":75},"end":{"line":60,"column":85}},{"start":{"line":60,"column":86},"end":{"line":60,"column":67}}]},"7":{"line":64,"type":"binary-expr","locations":[{"start":{"line":64,"column":26},"end":{"line":64,"column":36}},{"start":{"line":64,"column":37},"end":{"line":64,"column":18}}]},"8":{"line":70,"type":"if","locations":[{"start":{"line":70,"column":2},"end":{"line":70,"column":5}},{"start":{"line":70,"column":2},"end":{"line":70,"column":5}}]},"9":{"line":71,"type":"if","locations":[{"start":{"line":71,"column":2},"end":{"line":71,"column":5}},{"start":{"line":71,"column":2},"end":{"line":71,"column":5}}]},"10":{"line":72,"type":"if","locations":[{"start":{"line":72,"column":2},"end":{"line":72,"column":5}},{"start":{"line":72,"column":2},"end":{"line":72,"column":5}}]},"11":{"line":72,"type":"binary-expr","locations":[{"start":{"line":72,"column":25},"end":{"line":72,"column":35}},{"start":{"line":72,"column":36},"end":{"line":72,"column":17}}]},"12":{"line":72,"type":"cond-expr","locations":[{"start":{"line":72,"column":127},"end":{"line":72,"column":87}},{"start":{"line":72,"column":134},"end":{"line":72,"column":57}}]},"13":{"line":74,"type":"binary-expr","locations":[{"start":{"line":74,"column":19},"end":{"line":74,"column":18}},{"start":{"line":74,"column":36},"end":{"line":74,"column":2}}]},"14":{"line":81,"type":"if","locations":[{"start":{"line":81,"column":2},"end":{"line":81,"column":5}},{"start":{"line":81,"column":2},"end":{"line":81,"column":5}}]},"15":{"line":82,"type":"binary-expr","locations":[{"start":{"line":82,"column":23},"end":{"line":82,"column":22}},{"start":{"line":82,"column":43},"end":{"line":82,"column":4}}]},"16":{"line":83,"type":"if","locations":[{"start":{"line":83,"column":4},"end":{"line":83,"column":7}},{"start":{"line":83,"column":4},"end":{"line":83,"column":7}}]},"17":{"line":83,"type":"binary-expr","locations":[{"start":{"line":83,"column":8},"end":{"line":83,"column":7}},{"start":{"line":83,"column":59},"end":{"line":83,"column":4}}]},"18":{"line":87,"type":"binary-expr","locations":[{"start":{"line":87,"column":23},"end":{"line":87,"column":33}},{"start":{"line":87,"column":34},"end":{"line":87,"column":15}}]},"19":{"line":88,"type":"cond-expr","locations":[{"start":{"line":88,"column":61},"end":{"line":88,"column":19}},{"start":{"line":88,"column":81},"end":{"line":88,"column":2}}]},"20":{"line":88,"type":"binary-expr","locations":[{"start":{"line":88,"column":19},"end":{"line":88,"column":28}},{"start":{"line":88,"column":29},"end":{"line":88,"column":19}}]},"21":{"line":88,"type":"binary-expr","locations":[{"start":{"line":88,"column":61},"end":{"line":88,"column":60}},{"start":{"line":88,"column":76},"end":{"line":88,"column":19}}]},"22":{"line":93,"type":"cond-expr","locations":[{"start":{"line":93,"column":40},"end":{"line":93,"column":21}},{"start":{"line":93,"column":82},"end":{"line":93,"column":2}}]},"23":{"line":93,"type":"binary-expr","locations":[{"start":{"line":93,"column":40},"end":{"line":93,"column":39}},{"start":{"line":93,"column":77},"end":{"line":93,"column":21}}]},"24":{"line":100,"type":"cond-expr","locations":[{"start":{"line":100,"column":39},"end":{"line":100,"column":17}},{"start":{"line":100,"column":54},"end":{"line":100,"column":2}}]},"25":{"line":104,"type":"if","locations":[{"start":{"line":104,"column":2},"end":{"line":104,"column":5}},{"start":{"line":104,"column":2},"end":{"line":104,"column":5}}]},"26":{"line":105,"type":"cond-expr","locations":[{"start":{"line":105,"column":139},"end":{"line":105,"column":28}},{"start":{"line":105,"column":177},"end":{"line":105,"column":4}}]},"27":{"line":105,"type":"binary-expr","locations":[{"start":{"line":105,"column":28},"end":{"line":105,"column":112}},{"start":{"line":105,"column":113},"end":{"line":105,"column":28}}]},"28":{"line":105,"type":"binary-expr","locations":[{"start":{"line":105,"column":79},"end":{"line":105,"column":89}},{"start":{"line":105,"column":90},"end":{"line":105,"column":71}}]},"29":{"line":146,"type":"cond-expr","locations":[{"start":{"line":146,"column":31},"end":{"line":146,"column":12}},{"start":{"line":146,"column":66},"end":{"line":146,"column":2}}]},"30":{"line":148,"type":"cond-expr","locations":[{"start":{"line":148,"column":15},"end":{"line":148,"column":9}},{"start":{"line":148,"column":24},"end":{"line":148,"column":2}}]},"31":{"line":148,"type":"cond-expr","locations":[{"start":{"line":148,"column":54},"end":{"line":148,"column":24}},{"start":{"line":148,"column":62},"end":{"line":148,"column":2}}]},"32":{"line":161,"type":"binary-expr","locations":[{"start":{"line":161,"column":17},"end":{"line":161,"column":16}},{"start":{"line":161,"column":45},"end":{"line":161,"column":9}}]}}},"C:\\Users\\ColeChamberlain\\noderaider\\koaproxy\\lib\\es-http-proxy\\passes\\web-incoming.js":{"path":"C:\\Users\\ColeChamberlain\\noderaider\\koaproxy\\lib\\es-http-proxy\\passes\\web-incoming.js","s":{"1":1,"2":1,"3":0,"4":0,"5":0,"6":0,"7":0,"8":1,"9":1,"10":22,"11":1,"12":20,"13":1,"14":20,"15":1,"16":1,"17":1,"18":1,"19":19,"20":1,"21":18,"22":18,"23":1,"24":3,"25":2,"26":14,"27":14,"28":14,"29":70,"30":14,"31":14,"32":14},"b":{"1":[1,0],"2":[1,1],"3":[0,0],"4":[0,0],"5":[2,2],"6":[4,4],"7":[3,19],"8":[22,20,3],"9":[2,18],"10":[19,1],"11":[1,1],"12":[1,0],"13":[0],"14":[3,3],"15":[0,3],"16":[1,0],"17":[1,18],"18":[0,1],"19":[1,1],"20":[1,1],"21":[1,0],"22":[3,15],"23":[18,16],"24":[18,0],"25":[0,18],"26":[1,2],"27":[3,1],"28":[0,2],"29":[18,18],"30":[14,0],"31":[0,70],"32":[0,14],"33":[14,0],"34":[0,14]},"f":{"1":1,"2":4,"3":22,"4":20,"5":20,"6":3,"7":19,"8":18,"9":0,"10":1,"11":3,"12":14,"13":14},"fnMap":{"1":{"name":"_interopRequireWildcard","line":32,"loc":{"start":{"line":32,"column":0},"end":{"line":32,"column":38}}},"2":{"name":"_interopRequireDefault","line":34,"loc":{"start":{"line":34,"column":0},"end":{"line":34,"column":37}}},"3":{"name":"deleteLength","line":54,"loc":{"start":{"line":54,"column":0},"end":{"line":54,"column":41}}},"4":{"name":"timeout","line":70,"loc":{"start":{"line":70,"column":0},"end":{"line":70,"column":36}}},"5":{"name":"XHeaders","line":83,"loc":{"start":{"line":83,"column":0},"end":{"line":83,"column":37}}},"6":{"name":"setXForwardedHeader","line":93,"loc":{"start":{"line":93,"column":18},"end":{"line":93,"column":55}}},"7":{"name":"stream","line":116,"loc":{"start":{"line":116,"column":0},"end":{"line":116,"column":51}}},"8":{"name":"(anonymous_8)","line":133,"loc":{"start":{"line":133,"column":24},"end":{"line":133,"column":42}}},"9":{"name":"(anonymous_9)","line":142,"loc":{"start":{"line":142,"column":46},"end":{"line":142,"column":58}}},"10":{"name":"(anonymous_10)","line":148,"loc":{"start":{"line":148,"column":20},"end":{"line":148,"column":32}}},"11":{"name":"proxyError","line":158,"loc":{"start":{"line":158,"column":2},"end":{"line":158,"column":27}}},"12":{"name":"(anonymous_12)","line":173,"loc":{"start":{"line":173,"column":26},"end":{"line":173,"column":46}}},"13":{"name":"(anonymous_13)","line":204,"loc":{"start":{"line":204,"column":23},"end":{"line":204,"column":35}}}},"statementMap":{"1":{"start":{"line":32,"column":0},"end":{"line":32,"column":269}},"2":{"start":{"line":32,"column":40},"end":{"line":32,"column":267}},"3":{"start":{"line":32,"column":90},"end":{"line":32,"column":107}},"4":{"start":{"line":32,"column":107},"end":{"line":32,"column":229}},"5":{"start":{"line":32,"column":126},"end":{"line":32,"column":226}},"6":{"start":{"line":32,"column":149},"end":{"line":32,"column":201}},"7":{"start":{"line":32,"column":229},"end":{"line":32,"column":251}},"8":{"start":{"line":34,"column":0},"end":{"line":34,"column":95}},"9":{"start":{"line":54,"column":0},"end":{"line":59,"column":1}},"10":{"start":{"line":55,"column":2},"end":{"line":58,"column":3}},"11":{"start":{"line":70,"column":0},"end":{"line":72,"column":1}},"12":{"start":{"line":71,"column":2},"end":{"line":71,"column":23}},"13":{"start":{"line":83,"column":0},"end":{"line":102,"column":1}},"14":{"start":{"line":84,"column":2},"end":{"line":84,"column":21}},"15":{"start":{"line":96,"column":2},"end":{"line":101,"column":3}},"16":{"start":{"line":98,"column":4},"end":{"line":98,"column":70}},"17":{"start":{"line":98,"column":20},"end":{"line":98,"column":4}},"18":{"start":{"line":116,"column":0},"end":{"line":212,"column":1}},"19":{"start":{"line":120,"column":2},"end":{"line":127,"column":3}},"20":{"start":{"line":124,"column":4},"end":{"line":126,"column":5}},"21":{"start":{"line":134,"column":4},"end":{"line":136,"column":5}},"22":{"start":{"line":141,"column":2},"end":{"line":145,"column":3}},"23":{"start":{"line":158,"column":2},"end":{"line":169,"column":3}},"24":{"start":{"line":159,"column":4},"end":{"line":162,"column":5}},"25":{"start":{"line":164,"column":4},"end":{"line":168,"column":5}},"26":{"start":{"line":174,"column":4},"end":{"line":176,"column":5}},"27":{"start":{"line":181,"column":4},"end":{"line":202,"column":5}},"28":{"start":{"line":182,"column":6},"end":{"line":186,"column":7}},"29":{"start":{"line":185,"column":8},"end":{"line":185,"column":51}},"30":{"start":{"line":193,"column":6},"end":{"line":201,"column":7}},"31":{"start":{"line":194,"column":8},"end":{"line":196,"column":9}},"32":{"start":{"line":198,"column":8},"end":{"line":200,"column":9}}},"branchMap":{"1":{"line":32,"type":"if","locations":[{"start":{"line":32,"column":40},"end":{"line":32,"column":43}},{"start":{"line":32,"column":40},"end":{"line":32,"column":43}}]},"2":{"line":32,"type":"binary-expr","locations":[{"start":{"line":32,"column":44},"end":{"line":32,"column":50}},{"start":{"line":32,"column":51},"end":{"line":32,"column":40}}]},"3":{"line":32,"type":"if","locations":[{"start":{"line":32,"column":107},"end":{"line":32,"column":106}},{"start":{"line":32,"column":107},"end":{"line":32,"column":106}}]},"4":{"line":32,"type":"if","locations":[{"start":{"line":32,"column":149},"end":{"line":32,"column":152}},{"start":{"line":32,"column":149},"end":{"line":32,"column":152}}]},"5":{"line":34,"type":"cond-expr","locations":[{"start":{"line":34,"column":70},"end":{"line":34,"column":46}},{"start":{"line":34,"column":76},"end":{"line":34,"column":39}}]},"6":{"line":34,"type":"binary-expr","locations":[{"start":{"line":34,"column":46},"end":{"line":34,"column":52}},{"start":{"line":34,"column":53},"end":{"line":34,"column":46}}]},"7":{"line":55,"type":"if","locations":[{"start":{"line":55,"column":2},"end":{"line":55,"column":5}},{"start":{"line":55,"column":2},"end":{"line":55,"column":5}}]},"8":{"line":55,"type":"binary-expr","locations":[{"start":{"line":55,"column":7},"end":{"line":55,"column":6}},{"start":{"line":55,"column":34},"end":{"line":55,"column":6}},{"start":{"line":55,"column":63},"end":{"line":55,"column":2}}]},"9":{"line":71,"type":"if","locations":[{"start":{"line":71,"column":2},"end":{"line":71,"column":5}},{"start":{"line":71,"column":2},"end":{"line":71,"column":5}}]},"10":{"line":84,"type":"if","locations":[{"start":{"line":84,"column":2},"end":{"line":84,"column":5}},{"start":{"line":84,"column":2},"end":{"line":84,"column":5}}]},"11":{"line":86,"type":"binary-expr","locations":[{"start":{"line":86,"column":18},"end":{"line":86,"column":17}},{"start":{"line":86,"column":32},"end":{"line":86,"column":2}}]},"12":{"line":87,"type":"binary-expr","locations":[{"start":{"line":87,"column":22},"end":{"line":87,"column":21}},{"start":{"line":87,"column":54},"end":{"line":87,"column":15}}]},"13":{"line":89,"type":"cond-expr","locations":[{"start":{"line":89,"column":23},"end":{"line":89,"column":11}}]},"14":{"line":94,"type":"binary-expr","locations":[{"start":{"line":94,"column":49},"end":{"line":94,"column":88}},{"start":{"line":94,"column":89},"end":{"line":94,"column":43}}]},"15":{"line":94,"type":"cond-expr","locations":[{"start":{"line":94,"column":135},"end":{"line":94,"column":96}},{"start":{"line":94,"column":141},"end":{"line":94,"column":43}}]},"16":{"line":98,"type":"if","locations":[{"start":{"line":98,"column":4},"end":{"line":98,"column":7}},{"start":{"line":98,"column":4},"end":{"line":98,"column":7}}]},"17":{"line":120,"type":"if","locations":[{"start":{"line":120,"column":2},"end":{"line":120,"column":5}},{"start":{"line":120,"column":2},"end":{"line":120,"column":5}}]},"18":{"line":122,"type":"cond-expr","locations":[{"start":{"line":122,"column":62},"end":{"line":122,"column":22}},{"start":{"line":122,"column":80},"end":{"line":122,"column":21}}]},"19":{"line":122,"type":"binary-expr","locations":[{"start":{"line":122,"column":125},"end":{"line":122,"column":124}},{"start":{"line":122,"column":140},"end":{"line":122,"column":104}}]},"20":{"line":123,"type":"binary-expr","locations":[{"start":{"line":123,"column":5},"end":{"line":123,"column":4}},{"start":{"line":123,"column":23},"end":{"line":123,"column":4}}]},"21":{"line":124,"type":"if","locations":[{"start":{"line":124,"column":4},"end":{"line":124,"column":7}},{"start":{"line":124,"column":4},"end":{"line":124,"column":7}}]},"22":{"line":130,"type":"cond-expr","locations":[{"start":{"line":130,"column":57},"end":{"line":130,"column":18}},{"start":{"line":130,"column":75},"end":{"line":130,"column":17}}]},"23":{"line":130,"type":"binary-expr","locations":[{"start":{"line":130,"column":120},"end":{"line":130,"column":119}},{"start":{"line":130,"column":135},"end":{"line":130,"column":99}}]},"24":{"line":134,"type":"if","locations":[{"start":{"line":134,"column":4},"end":{"line":134,"column":7}},{"start":{"line":134,"column":4},"end":{"line":134,"column":7}}]},"25":{"line":141,"type":"if","locations":[{"start":{"line":141,"column":2},"end":{"line":141,"column":5}},{"start":{"line":141,"column":2},"end":{"line":141,"column":5}}]},"26":{"line":159,"type":"if","locations":[{"start":{"line":159,"column":4},"end":{"line":159,"column":7}},{"start":{"line":159,"column":4},"end":{"line":159,"column":7}}]},"27":{"line":159,"type":"binary-expr","locations":[{"start":{"line":159,"column":8},"end":{"line":159,"column":7}},{"start":{"line":159,"column":32},"end":{"line":159,"column":4}}]},"28":{"line":164,"type":"if","locations":[{"start":{"line":164,"column":4},"end":{"line":164,"column":7}},{"start":{"line":164,"column":4},"end":{"line":164,"column":7}}]},"29":{"line":171,"type":"binary-expr","locations":[{"start":{"line":171,"column":3},"end":{"line":171,"column":2}},{"start":{"line":171,"column":21},"end":{"line":171,"column":2}}]},"30":{"line":174,"type":"if","locations":[{"start":{"line":174,"column":4},"end":{"line":174,"column":7}},{"start":{"line":174,"column":4},"end":{"line":174,"column":7}}]},"31":{"line":185,"type":"if","locations":[{"start":{"line":185,"column":8},"end":{"line":185,"column":11}},{"start":{"line":185,"column":8},"end":{"line":185,"column":11}}]},"32":{"line":194,"type":"if","locations":[{"start":{"line":194,"column":8},"end":{"line":194,"column":11}},{"start":{"line":194,"column":8},"end":{"line":194,"column":11}}]},"33":{"line":194,"type":"binary-expr","locations":[{"start":{"line":194,"column":12},"end":{"line":194,"column":11}},{"start":{"line":194,"column":42},"end":{"line":194,"column":8}}]},"34":{"line":198,"type":"if","locations":[{"start":{"line":198,"column":8},"end":{"line":198,"column":11}},{"start":{"line":198,"column":8},"end":{"line":198,"column":11}}]}}},"C:\\Users\\ColeChamberlain\\noderaider\\koaproxy\\lib\\es-http-proxy\\passes\\web-outgoing.js":{"path":"C:\\Users\\ColeChamberlain\\noderaider\\koaproxy\\lib\\es-http-proxy\\passes\\web-outgoing.js","s":{"1":1,"2":1,"3":15,"4":1,"5":18,"6":16,"7":1,"8":39,"9":19,"10":15,"11":9,"12":15,"13":1,"14":15,"15":15,"16":75,"17":75,"18":15,"19":15,"20":15},"b":{"1":[2,1],"2":[3,3],"3":[1,14],"4":[2,16],"5":[2,1],"6":[2,14],"7":[2,1],"8":[19,20],"9":[39,30,22,22,22],"10":[4,15],"11":[6,9],"12":[5,4],"13":[6,9],"14":[75,0],"15":[0,75],"16":[0,15],"17":[15,0],"18":[0,15]},"f":{"1":3,"2":15,"3":18,"4":39,"5":15,"6":15},"fnMap":{"1":{"name":"_interopRequireDefault","line":25,"loc":{"start":{"line":25,"column":0},"end":{"line":25,"column":37}}},"2":{"name":"removeChunked","line":46,"loc":{"start":{"line":46,"column":0},"end":{"line":46,"column":43}}},"3":{"name":"setConnection","line":60,"loc":{"start":{"line":60,"column":0},"end":{"line":60,"column":43}}},"4":{"name":"setRedirectHostRewrite","line":68,"loc":{"start":{"line":68,"column":0},"end":{"line":68,"column":61}}},"5":{"name":"writeHeaders","line":100,"loc":{"start":{"line":100,"column":0},"end":{"line":100,"column":42}}},"6":{"name":"writeStatusCode","line":139,"loc":{"start":{"line":139,"column":48},"end":{"line":139,"column":93}}}},"statementMap":{"1":{"start":{"line":25,"column":0},"end":{"line":25,"column":95}},"2":{"start":{"line":46,"column":0},"end":{"line":48,"column":1}},"3":{"start":{"line":47,"column":2},"end":{"line":47,"column":33}},"4":{"start":{"line":60,"column":0},"end":{"line":66,"column":1}},"5":{"start":{"line":61,"column":2},"end":{"line":65,"column":3}},"6":{"start":{"line":63,"column":9},"end":{"line":65,"column":3}},"7":{"start":{"line":68,"column":0},"end":{"line":89,"column":1}},"8":{"start":{"line":69,"column":2},"end":{"line":88,"column":3}},"9":{"start":{"line":74,"column":4},"end":{"line":76,"column":5}},"10":{"start":{"line":78,"column":4},"end":{"line":82,"column":5}},"11":{"start":{"line":80,"column":11},"end":{"line":82,"column":5}},"12":{"start":{"line":83,"column":4},"end":{"line":85,"column":5}},"13":{"start":{"line":100,"column":0},"end":{"line":128,"column":1}},"14":{"start":{"line":105,"column":2},"end":{"line":127,"column":3}},"15":{"start":{"line":106,"column":4},"end":{"line":113,"column":5}},"16":{"start":{"line":109,"column":6},"end":{"line":112,"column":7}},"17":{"start":{"line":110,"column":8},"end":{"line":110,"column":29}},"18":{"start":{"line":118,"column":4},"end":{"line":126,"column":5}},"19":{"start":{"line":119,"column":6},"end":{"line":121,"column":7}},"20":{"start":{"line":123,"column":6},"end":{"line":125,"column":7}}},"branchMap":{"1":{"line":25,"type":"cond-expr","locations":[{"start":{"line":25,"column":70},"end":{"line":25,"column":46}},{"start":{"line":25,"column":76},"end":{"line":25,"column":39}}]},"2":{"line":25,"type":"binary-expr","locations":[{"start":{"line":25,"column":46},"end":{"line":25,"column":52}},{"start":{"line":25,"column":53},"end":{"line":25,"column":46}}]},"3":{"line":47,"type":"if","locations":[{"start":{"line":47,"column":2},"end":{"line":47,"column":5}},{"start":{"line":47,"column":2},"end":{"line":47,"column":5}}]},"4":{"line":61,"type":"if","locations":[{"start":{"line":61,"column":2},"end":{"line":61,"column":5}},{"start":{"line":61,"column":2},"end":{"line":61,"column":5}}]},"5":{"line":62,"type":"binary-expr","locations":[{"start":{"line":62,"column":34},"end":{"line":62,"column":33}},{"start":{"line":62,"column":60},"end":{"line":62,"column":4}}]},"6":{"line":63,"type":"if","locations":[{"start":{"line":63,"column":9},"end":{"line":63,"column":8}},{"start":{"line":63,"column":9},"end":{"line":63,"column":8}}]},"7":{"line":64,"type":"binary-expr","locations":[{"start":{"line":64,"column":34},"end":{"line":64,"column":33}},{"start":{"line":64,"column":60},"end":{"line":64,"column":4}}]},"8":{"line":69,"type":"if","locations":[{"start":{"line":69,"column":2},"end":{"line":69,"column":5}},{"start":{"line":69,"column":2},"end":{"line":69,"column":5}}]},"9":{"line":69,"type":"binary-expr","locations":[{"start":{"line":69,"column":7},"end":{"line":69,"column":6}},{"start":{"line":69,"column":30},"end":{"line":69,"column":7}},{"start":{"line":69,"column":53},"end":{"line":69,"column":6}},{"start":{"line":69,"column":81},"end":{"line":69,"column":6}},{"start":{"line":69,"column":113},"end":{"line":69,"column":2}}]},"10":{"line":74,"type":"if","locations":[{"start":{"line":74,"column":4},"end":{"line":74,"column":7}},{"start":{"line":74,"column":4},"end":{"line":74,"column":7}}]},"11":{"line":78,"type":"if","locations":[{"start":{"line":78,"column":4},"end":{"line":78,"column":7}},{"start":{"line":78,"column":4},"end":{"line":78,"column":7}}]},"12":{"line":80,"type":"if","locations":[{"start":{"line":80,"column":11},"end":{"line":80,"column":10}},{"start":{"line":80,"column":11},"end":{"line":80,"column":10}}]},"13":{"line":83,"type":"if","locations":[{"start":{"line":83,"column":4},"end":{"line":83,"column":7}},{"start":{"line":83,"column":4},"end":{"line":83,"column":7}}]},"14":{"line":109,"type":"if","locations":[{"start":{"line":109,"column":6},"end":{"line":109,"column":9}},{"start":{"line":109,"column":6},"end":{"line":109,"column":9}}]},"15":{"line":110,"type":"if","locations":[{"start":{"line":110,"column":8},"end":{"line":110,"column":11}},{"start":{"line":110,"column":8},"end":{"line":110,"column":11}}]},"16":{"line":119,"type":"if","locations":[{"start":{"line":119,"column":6},"end":{"line":119,"column":9}},{"start":{"line":119,"column":6},"end":{"line":119,"column":9}}]},"17":{"line":119,"type":"binary-expr","locations":[{"start":{"line":119,"column":10},"end":{"line":119,"column":9}},{"start":{"line":119,"column":40},"end":{"line":119,"column":6}}]},"18":{"line":123,"type":"if","locations":[{"start":{"line":123,"column":6},"end":{"line":123,"column":9}},{"start":{"line":123,"column":6},"end":{"line":123,"column":9}}]}}},"C:\\Users\\ColeChamberlain\\noderaider\\koaproxy\\lib\\es-http-proxy\\index.js":{"path":"C:\\Users\\ColeChamberlain\\noderaider\\koaproxy\\lib\\es-http-proxy\\index.js","s":{"1":1,"2":1},"b":{"1":[1,3],"2":[4,4]},"f":{"1":4,"2":21},"fnMap":{"1":{"name":"_interopRequireDefault","line":24,"loc":{"start":{"line":24,"column":0},"end":{"line":24,"column":37}}},"2":{"name":"createProxyServer","line":50,"loc":{"start":{"line":50,"column":0},"end":{"line":50,"column":36}}}},"statementMap":{"1":{"start":{"line":24,"column":0},"end":{"line":24,"column":95}},"2":{"start":{"line":50,"column":0},"end":{"line":80,"column":1}}},"branchMap":{"1":{"line":24,"type":"cond-expr","locations":[{"start":{"line":24,"column":70},"end":{"line":24,"column":46}},{"start":{"line":24,"column":76},"end":{"line":24,"column":39}}]},"2":{"line":24,"type":"binary-expr","locations":[{"start":{"line":24,"column":46},"end":{"line":24,"column":52}},{"start":{"line":24,"column":53},"end":{"line":24,"column":46}}]}}},"C:\\Users\\ColeChamberlain\\noderaider\\koaproxy\\lib\\es-http-proxy\\ProxyServer.js":{"path":"C:\\Users\\ColeChamberlain\\noderaider\\koaproxy\\lib\\es-http-proxy\\ProxyServer.js","s":{"1":1,"2":2,"3":0,"4":0,"5":0,"6":0,"7":0,"8":1,"9":1,"10":28,"11":28,"12":28,"13":56,"14":28,"15":28,"16":103,"17":1,"18":3,"19":19,"20":17,"21":14,"22":0,"23":0,"24":0,"25":0,"26":0,"27":0},"b":{"1":[2,0],"2":[2,2],"3":[0,0],"4":[0,0],"5":[6,3],"6":[9,9],"7":[9,19],"8":[0,28],"9":[1,27],"10":[28,19],"11":[9,19],"12":[20,36],"13":[0,28],"14":[28,1],"15":[1,102],"16":[0,3],"17":[2,17],"18":[9,10],"19":[17,0],"20":[0,14],"21":[0,0],"22":[0,0],"23":[0,0],"24":[0,0],"25":[0,0],"26":[0,0],"27":[0,0],"28":[0,0],"29":[0,0],"30":[0,0],"31":[22,1],"32":[0,22]},"f":{"1":2,"2":9,"3":44,"4":44,"5":28,"6":56,"7":1,"8":22,"9":3,"10":19,"11":18,"12":9,"13":17,"14":14,"15":0,"16":0,"17":0,"18":0,"19":88,"20":66},"fnMap":{"1":{"name":"_interopRequireWildcard","line":57,"loc":{"start":{"line":57,"column":0},"end":{"line":57,"column":38}}},"2":{"name":"_interopRequireDefault","line":59,"loc":{"start":{"line":59,"column":0},"end":{"line":59,"column":37}}},"3":{"name":"createRightProxy","line":77,"loc":{"start":{"line":77,"column":0},"end":{"line":77,"column":32}}},"4":{"name":"(anonymous_4)","line":79,"loc":{"start":{"line":79,"column":9},"end":{"line":79,"column":28}}},"5":{"name":"(anonymous_5)","line":80,"loc":{"start":{"line":80,"column":11},"end":{"line":80,"column":53}}},"6":{"name":"(anonymous_6)","line":103,"loc":{"start":{"line":103,"column":22},"end":{"line":103,"column":35}}},"7":{"name":"(anonymous_7)","line":127,"loc":{"start":{"line":127,"column":18},"end":{"line":127,"column":33}}},"8":{"name":"ProxyServer","line":130,"loc":{"start":{"line":130,"column":2},"end":{"line":130,"column":32}}},"9":{"name":"(anonymous_9)","line":138,"loc":{"start":{"line":138,"column":20},"end":{"line":138,"column":35}}},"10":{"name":"(anonymous_10)","line":146,"loc":{"start":{"line":146,"column":19},"end":{"line":146,"column":45}}},"11":{"name":"closure","line":147,"loc":{"start":{"line":147,"column":20},"end":{"line":147,"column":47}}},"12":{"name":"(anonymous_12)","line":152,"loc":{"start":{"line":152,"column":56},"end":{"line":152,"column":85}}},"13":{"name":"(anonymous_13)","line":159,"loc":{"start":{"line":159,"column":18},"end":{"line":159,"column":38}}},"14":{"name":"(anonymous_14)","line":161,"loc":{"start":{"line":161,"column":28},"end":{"line":161,"column":40}}},"15":{"name":"(anonymous_15)","line":168,"loc":{"start":{"line":168,"column":19},"end":{"line":168,"column":55}}},"16":{"name":"(anonymous_16)","line":173,"loc":{"start":{"line":173,"column":21},"end":{"line":173,"column":39}}},"17":{"name":"(anonymous_17)","line":181,"loc":{"start":{"line":181,"column":18},"end":{"line":181,"column":54}}},"18":{"name":"(anonymous_18)","line":186,"loc":{"start":{"line":186,"column":21},"end":{"line":186,"column":39}}},"19":{"name":"(anonymous_19)","line":202,"loc":{"start":{"line":202,"column":51},"end":{"line":202,"column":67}}},"20":{"name":"(anonymous_20)","line":205,"loc":{"start":{"line":205,"column":49},"end":{"line":205,"column":65}}}},"statementMap":{"1":{"start":{"line":57,"column":0},"end":{"line":57,"column":269}},"2":{"start":{"line":57,"column":40},"end":{"line":57,"column":267}},"3":{"start":{"line":57,"column":90},"end":{"line":57,"column":107}},"4":{"start":{"line":57,"column":107},"end":{"line":57,"column":229}},"5":{"start":{"line":57,"column":126},"end":{"line":57,"column":226}},"6":{"start":{"line":57,"column":149},"end":{"line":57,"column":201}},"7":{"start":{"line":57,"column":229},"end":{"line":57,"column":251}},"8":{"start":{"line":59,"column":0},"end":{"line":59,"column":95}},"9":{"start":{"line":77,"column":0},"end":{"line":125,"column":1}},"10":{"start":{"line":88,"column":6},"end":{"line":91,"column":7}},"11":{"start":{"line":93,"column":6},"end":{"line":97,"column":7}},"12":{"start":{"line":99,"column":6},"end":{"line":99,"column":40}},"13":{"start":{"line":104,"column":8},"end":{"line":104,"column":44}},"14":{"start":{"line":107,"column":6},"end":{"line":107,"column":47}},"15":{"start":{"line":109,"column":6},"end":{"line":122,"column":7}},"16":{"start":{"line":118,"column":8},"end":{"line":121,"column":9}},"17":{"start":{"line":130,"column":2},"end":{"line":210,"column":3}},"18":{"start":{"line":143,"column":6},"end":{"line":143,"column":49}},"19":{"start":{"line":152,"column":6},"end":{"line":152,"column":28}},"20":{"start":{"line":160,"column":6},"end":{"line":165,"column":7}},"21":{"start":{"line":163,"column":10},"end":{"line":163,"column":24}},"22":{"start":{"line":169,"column":6},"end":{"line":169,"column":43}},"23":{"start":{"line":174,"column":8},"end":{"line":174,"column":33}},"24":{"start":{"line":177,"column":6},"end":{"line":177,"column":23}},"25":{"start":{"line":182,"column":6},"end":{"line":182,"column":43}},"26":{"start":{"line":187,"column":8},"end":{"line":187,"column":33}},"27":{"start":{"line":190,"column":6},"end":{"line":190,"column":23}}},"branchMap":{"1":{"line":57,"type":"if","locations":[{"start":{"line":57,"column":40},"end":{"line":57,"column":43}},{"start":{"line":57,"column":40},"end":{"line":57,"column":43}}]},"2":{"line":57,"type":"binary-expr","locations":[{"start":{"line":57,"column":44},"end":{"line":57,"column":50}},{"start":{"line":57,"column":51},"end":{"line":57,"column":40}}]},"3":{"line":57,"type":"if","locations":[{"start":{"line":57,"column":107},"end":{"line":57,"column":106}},{"start":{"line":57,"column":107},"end":{"line":57,"column":106}}]},"4":{"line":57,"type":"if","locations":[{"start":{"line":57,"column":149},"end":{"line":57,"column":152}},{"start":{"line":57,"column":149},"end":{"line":57,"column":152}}]},"5":{"line":59,"type":"cond-expr","locations":[{"start":{"line":59,"column":70},"end":{"line":59,"column":46}},{"start":{"line":59,"column":76},"end":{"line":59,"column":39}}]},"6":{"line":59,"type":"binary-expr","locations":[{"start":{"line":59,"column":46},"end":{"line":59,"column":52}},{"start":{"line":59,"column":53},"end":{"line":59,"column":46}}]},"7":{"line":81,"type":"cond-expr","locations":[{"start":{"line":81,"column":35},"end":{"line":81,"column":19}},{"start":{"line":81,"column":51},"end":{"line":81,"column":6}}]},"8":{"line":88,"type":"if","locations":[{"start":{"line":88,"column":6},"end":{"line":88,"column":9}},{"start":{"line":88,"column":6},"end":{"line":88,"column":9}}]},"9":{"line":93,"type":"if","locations":[{"start":{"line":93,"column":6},"end":{"line":93,"column":9}},{"start":{"line":93,"column":6},"end":{"line":93,"column":9}}]},"10":{"line":93,"type":"binary-expr","locations":[{"start":{"line":93,"column":10},"end":{"line":93,"column":44}},{"start":{"line":93,"column":45},"end":{"line":93,"column":6}}]},"11":{"line":99,"type":"if","locations":[{"start":{"line":99,"column":6},"end":{"line":99,"column":9}},{"start":{"line":99,"column":6},"end":{"line":99,"column":9}}]},"12":{"line":104,"type":"if","locations":[{"start":{"line":104,"column":8},"end":{"line":104,"column":11}},{"start":{"line":104,"column":8},"end":{"line":104,"column":11}}]},"13":{"line":107,"type":"if","locations":[{"start":{"line":107,"column":6},"end":{"line":107,"column":9}},{"start":{"line":107,"column":6},"end":{"line":107,"column":9}}]},"14":{"line":107,"type":"binary-expr","locations":[{"start":{"line":107,"column":10},"end":{"line":107,"column":9}},{"start":{"line":107,"column":29},"end":{"line":107,"column":6}}]},"15":{"line":118,"type":"if","locations":[{"start":{"line":118,"column":8},"end":{"line":118,"column":11}},{"start":{"line":118,"column":8},"end":{"line":118,"column":11}}]},"16":{"line":143,"type":"if","locations":[{"start":{"line":143,"column":6},"end":{"line":143,"column":9}},{"start":{"line":143,"column":6},"end":{"line":143,"column":9}}]},"17":{"line":150,"type":"cond-expr","locations":[{"start":{"line":150,"column":42},"end":{"line":150,"column":22}},{"start":{"line":150,"column":101},"end":{"line":150,"column":6}}]},"18":{"line":152,"type":"if","locations":[{"start":{"line":152,"column":6},"end":{"line":152,"column":9}},{"start":{"line":152,"column":6},"end":{"line":152,"column":9}}]},"19":{"line":160,"type":"if","locations":[{"start":{"line":160,"column":6},"end":{"line":160,"column":9}},{"start":{"line":160,"column":6},"end":{"line":160,"column":9}}]},"20":{"line":163,"type":"if","locations":[{"start":{"line":163,"column":10},"end":{"line":163,"column":13}},{"start":{"line":163,"column":10},"end":{"line":163,"column":13}}]},"21":{"line":169,"type":"if","locations":[{"start":{"line":169,"column":6},"end":{"line":169,"column":9}},{"start":{"line":169,"column":6},"end":{"line":169,"column":9}}]},"22":{"line":169,"type":"binary-expr","locations":[{"start":{"line":169,"column":10},"end":{"line":169,"column":9}},{"start":{"line":169,"column":27},"end":{"line":169,"column":6}}]},"23":{"line":170,"type":"cond-expr","locations":[{"start":{"line":170,"column":35},"end":{"line":170,"column":19}},{"start":{"line":170,"column":52},"end":{"line":170,"column":6}}]},"24":{"line":174,"type":"if","locations":[{"start":{"line":174,"column":8},"end":{"line":174,"column":11}},{"start":{"line":174,"column":8},"end":{"line":174,"column":11}}]},"25":{"line":177,"type":"if","locations":[{"start":{"line":177,"column":6},"end":{"line":177,"column":9}},{"start":{"line":177,"column":6},"end":{"line":177,"column":9}}]},"26":{"line":182,"type":"if","locations":[{"start":{"line":182,"column":6},"end":{"line":182,"column":9}},{"start":{"line":182,"column":6},"end":{"line":182,"column":9}}]},"27":{"line":182,"type":"binary-expr","locations":[{"start":{"line":182,"column":10},"end":{"line":182,"column":9}},{"start":{"line":182,"column":27},"end":{"line":182,"column":6}}]},"28":{"line":183,"type":"cond-expr","locations":[{"start":{"line":183,"column":35},"end":{"line":183,"column":19}},{"start":{"line":183,"column":52},"end":{"line":183,"column":6}}]},"29":{"line":187,"type":"if","locations":[{"start":{"line":187,"column":8},"end":{"line":187,"column":11}},{"start":{"line":187,"column":8},"end":{"line":187,"column":11}}]},"30":{"line":190,"type":"if","locations":[{"start":{"line":190,"column":6},"end":{"line":190,"column":9}},{"start":{"line":190,"column":6},"end":{"line":190,"column":9}}]},"31":{"line":195,"type":"binary-expr","locations":[{"start":{"line":195,"column":14},"end":{"line":195,"column":24}},{"start":{"line":195,"column":25},"end":{"line":195,"column":4}}]},"32":{"line":196,"type":"cond-expr","locations":[{"start":{"line":196,"column":58},"end":{"line":196,"column":26}},{"start":{"line":196,"column":66},"end":{"line":196,"column":4}}]}}},"C:\\Users\\ColeChamberlain\\noderaider\\koaproxy\\lib\\es-http-proxy\\passes\\ws-incoming.js":{"path":"C:\\Users\\ColeChamberlain\\noderaider\\koaproxy\\lib\\es-http-proxy\\passes\\ws-incoming.js","s":{"1":1,"2":1,"3":0,"4":0,"5":0,"6":0,"7":0,"8":1,"9":1,"10":13,"11":11,"12":1,"13":12,"14":1,"15":9,"16":9,"17":1,"18":7,"19":28,"20":1,"21":1,"22":1},"b":{"1":[1,0],"2":[1,1],"3":[0,0],"4":[0,0],"5":[1,2],"6":[3,3],"7":[2,11],"8":[13,12],"9":[1,10],"10":[10,2],"11":[2,1],"12":[1],"13":[6,6],"14":[0,6],"15":[0,9],"16":[9,9],"17":[0,9],"18":[9,9],"19":[9,0],"20":[1,0],"21":[0,7],"22":[7,7],"23":[27,1],"24":[0,1]},"f":{"1":1,"2":3,"3":13,"4":12,"5":6,"6":9,"7":1,"8":7,"9":5,"10":0,"11":28,"12":1},"fnMap":{"1":{"name":"_interopRequireWildcard","line":27,"loc":{"start":{"line":27,"column":0},"end":{"line":27,"column":38}}},"2":{"name":"_interopRequireDefault","line":29,"loc":{"start":{"line":29,"column":0},"end":{"line":29,"column":37}}},"3":{"name":"checkMethodAndHeader","line":54,"loc":{"start":{"line":54,"column":0},"end":{"line":54,"column":43}}},"4":{"name":"XHeaders","line":75,"loc":{"start":{"line":75,"column":0},"end":{"line":75,"column":40}}},"5":{"name":"(anonymous_5)","line":84,"loc":{"start":{"line":84,"column":18},"end":{"line":84,"column":36}}},"6":{"name":"stream","line":99,"loc":{"start":{"line":99,"column":0},"end":{"line":99,"column":57}}},"7":{"name":"(anonymous_7)","line":113,"loc":{"start":{"line":113,"column":26},"end":{"line":113,"column":41}}},"8":{"name":"(anonymous_8)","line":118,"loc":{"start":{"line":118,"column":25},"end":{"line":118,"column":69}}},"9":{"name":"(anonymous_9)","line":122,"loc":{"start":{"line":122,"column":26},"end":{"line":122,"column":38}}},"10":{"name":"(anonymous_10)","line":129,"loc":{"start":{"line":129,"column":23},"end":{"line":129,"column":35}}},"11":{"name":"(anonymous_11)","line":141,"loc":{"start":{"line":141,"column":62},"end":{"line":141,"column":83}}},"12":{"name":"onOutgoingError","line":163,"loc":{"start":{"line":163,"column":2},"end":{"line":163,"column":32}}}},"statementMap":{"1":{"start":{"line":27,"column":0},"end":{"line":27,"column":269}},"2":{"start":{"line":27,"column":40},"end":{"line":27,"column":267}},"3":{"start":{"line":27,"column":90},"end":{"line":27,"column":107}},"4":{"start":{"line":27,"column":107},"end":{"line":27,"column":229}},"5":{"start":{"line":27,"column":126},"end":{"line":27,"column":226}},"6":{"start":{"line":27,"column":149},"end":{"line":27,"column":201}},"7":{"start":{"line":27,"column":229},"end":{"line":27,"column":251}},"8":{"start":{"line":29,"column":0},"end":{"line":29,"column":95}},"9":{"start":{"line":54,"column":0},"end":{"line":64,"column":1}},"10":{"start":{"line":55,"column":2},"end":{"line":58,"column":3}},"11":{"start":{"line":60,"column":2},"end":{"line":63,"column":3}},"12":{"start":{"line":75,"column":0},"end":{"line":87,"column":1}},"13":{"start":{"line":76,"column":2},"end":{"line":76,"column":21}},"14":{"start":{"line":99,"column":0},"end":{"line":171,"column":1}},"15":{"start":{"line":102,"column":2},"end":{"line":102,"column":27}},"16":{"start":{"line":107,"column":2},"end":{"line":109,"column":3}},"17":{"start":{"line":115,"column":4},"end":{"line":115,"column":22}},"18":{"start":{"line":135,"column":4},"end":{"line":135,"column":39}},"19":{"start":{"line":144,"column":6},"end":{"line":147,"column":7}},"20":{"start":{"line":149,"column":6},"end":{"line":151,"column":7}},"21":{"start":{"line":163,"column":2},"end":{"line":170,"column":3}},"22":{"start":{"line":164,"column":4},"end":{"line":168,"column":5}}},"branchMap":{"1":{"line":27,"type":"if","locations":[{"start":{"line":27,"column":40},"end":{"line":27,"column":43}},{"start":{"line":27,"column":40},"end":{"line":27,"column":43}}]},"2":{"line":27,"type":"binary-expr","locations":[{"start":{"line":27,"column":44},"end":{"line":27,"column":50}},{"start":{"line":27,"column":51},"end":{"line":27,"column":40}}]},"3":{"line":27,"type":"if","locations":[{"start":{"line":27,"column":107},"end":{"line":27,"column":106}},{"start":{"line":27,"column":107},"end":{"line":27,"column":106}}]},"4":{"line":27,"type":"if","locations":[{"start":{"line":27,"column":149},"end":{"line":27,"column":152}},{"start":{"line":27,"column":149},"end":{"line":27,"column":152}}]},"5":{"line":29,"type":"cond-expr","locations":[{"start":{"line":29,"column":70},"end":{"line":29,"column":46}},{"start":{"line":29,"column":76},"end":{"line":29,"column":39}}]},"6":{"line":29,"type":"binary-expr","locations":[{"start":{"line":29,"column":46},"end":{"line":29,"column":52}},{"start":{"line":29,"column":53},"end":{"line":29,"column":46}}]},"7":{"line":55,"type":"if","locations":[{"start":{"line":55,"column":2},"end":{"line":55,"column":5}},{"start":{"line":55,"column":2},"end":{"line":55,"column":5}}]},"8":{"line":55,"type":"binary-expr","locations":[{"start":{"line":55,"column":6},"end":{"line":55,"column":5}},{"start":{"line":55,"column":30},"end":{"line":55,"column":2}}]},"9":{"line":60,"type":"if","locations":[{"start":{"line":60,"column":2},"end":{"line":60,"column":5}},{"start":{"line":60,"column":2},"end":{"line":60,"column":5}}]},"10":{"line":76,"type":"if","locations":[{"start":{"line":76,"column":2},"end":{"line":76,"column":5}},{"start":{"line":76,"column":2},"end":{"line":76,"column":5}}]},"11":{"line":78,"type":"binary-expr","locations":[{"start":{"line":78,"column":22},"end":{"line":78,"column":21}},{"start":{"line":78,"column":54},"end":{"line":78,"column":15}}]},"12":{"line":80,"type":"cond-expr","locations":[{"start":{"line":80,"column":48},"end":{"line":80,"column":11}}]},"13":{"line":85,"type":"binary-expr","locations":[{"start":{"line":85,"column":49},"end":{"line":85,"column":88}},{"start":{"line":85,"column":89},"end":{"line":85,"column":43}}]},"14":{"line":85,"type":"cond-expr","locations":[{"start":{"line":85,"column":135},"end":{"line":85,"column":96}},{"start":{"line":85,"column":141},"end":{"line":85,"column":43}}]},"15":{"line":102,"type":"if","locations":[{"start":{"line":102,"column":2},"end":{"line":102,"column":5}},{"start":{"line":102,"column":2},"end":{"line":102,"column":5}}]},"16":{"line":102,"type":"binary-expr","locations":[{"start":{"line":102,"column":6},"end":{"line":102,"column":13}},{"start":{"line":102,"column":14},"end":{"line":102,"column":2}}]},"17":{"line":104,"type":"cond-expr","locations":[{"start":{"line":104,"column":63},"end":{"line":104,"column":18}},{"start":{"line":104,"column":81},"end":{"line":104,"column":17}}]},"18":{"line":104,"type":"binary-expr","locations":[{"start":{"line":104,"column":126},"end":{"line":104,"column":125}},{"start":{"line":104,"column":141},"end":{"line":104,"column":105}}]},"19":{"line":107,"type":"if","locations":[{"start":{"line":107,"column":2},"end":{"line":107,"column":5}},{"start":{"line":107,"column":2},"end":{"line":107,"column":5}}]},"20":{"line":115,"type":"if","locations":[{"start":{"line":115,"column":4},"end":{"line":115,"column":7}},{"start":{"line":115,"column":4},"end":{"line":115,"column":7}}]},"21":{"line":135,"type":"if","locations":[{"start":{"line":135,"column":4},"end":{"line":135,"column":7}},{"start":{"line":135,"column":4},"end":{"line":135,"column":7}}]},"22":{"line":135,"type":"binary-expr","locations":[{"start":{"line":135,"column":8},"end":{"line":135,"column":20}},{"start":{"line":135,"column":21},"end":{"line":135,"column":4}}]},"23":{"line":144,"type":"if","locations":[{"start":{"line":144,"column":6},"end":{"line":144,"column":9}},{"start":{"line":144,"column":6},"end":{"line":144,"column":9}}]},"24":{"line":164,"type":"if","locations":[{"start":{"line":164,"column":4},"end":{"line":164,"column":7}},{"start":{"line":164,"column":4},"end":{"line":164,"column":7}}]}}}}